  Mario.cpp
C:\Users\Incri\source\repos\Game\Game\Mario.cpp(164,56): warning C4244: аргумент: преобразование "float" в "const short", возможна потеря данных
C:\Users\Incri\source\repos\Game\Game\Mario.cpp(164,41): warning C4244: аргумент: преобразование "float" в "const short", возможна потеря данных
C:\Users\Incri\source\repos\Game\Game\Mario.cpp(170,55): warning C4244: аргумент: преобразование "float" в "const short", возможна потеря данных
C:\Users\Incri\source\repos\Game\Game\Mario.cpp(170,45): warning C4244: аргумент: преобразование "float" в "const short", возможна потеря данных
C:\Users\Incri\source\repos\Game\Game\Mario.cpp(199,49): warning C4244: аргумент: преобразование "float" в "const short", возможна потеря данных
C:\Users\Incri\source\repos\Game\Game\Mario.cpp(199,39): warning C4244: аргумент: преобразование "float" в "const short", возможна потеря данных
C:\Users\Incri\source\repos\Game\Game\Mario.cpp(486,66): warning C4244: аргумент: преобразование "T" в "const float", возможна потеря данных
          with
          [
              T=int
          ]
C:\Users\Incri\source\repos\Game\Game\Mario.cpp(486,46): warning C4244: аргумент: преобразование "T" в "const float", возможна потеря данных
          with
          [
              T=int
          ]
C:\Users\Incri\source\repos\Game\Game\Mario.cpp(582,86): warning C4244: аргумент: преобразование "float" в "const unsigned short", возможна потеря данных
C:\Users\Incri\source\repos\Game\Game\Mario.cpp(587,90): warning C4244: аргумент: преобразование "float" в "const unsigned short", возможна потеря данных
  Создание кода
  1 of 778 functions ( 0.1%) were compiled, the rest were copied from previous compilation.
    0 functions were new in current compilation
    1 functions had inline decision re-evaluated but remain unchanged
  Создание кода завершено
  Game.vcxproj -> C:\Users\Incri\source\repos\Game\x64\Release\Game.exe
