c:\users\incri\source\repos\game\game\x64\release\vc143.pdb
c:\users\incri\source\repos\game\game\x64\release\mushroom.obj
c:\users\incri\source\repos\game\game\x64\release\mario.obj
c:\users\incri\source\repos\game\game\x64\release\mapmanager.obj
c:\users\incri\source\repos\game\game\x64\release\mapcollision.obj
c:\users\incri\source\repos\game\game\x64\release\main.obj
c:\users\incri\source\repos\game\game\x64\release\koopa.obj
c:\users\incri\source\repos\game\game\x64\release\goomba.obj
c:\users\incri\source\repos\game\game\x64\release\enemy.obj
c:\users\incri\source\repos\game\game\x64\release\drawmap.obj
c:\users\incri\source\repos\game\game\x64\release\convertsketch.obj
c:\users\incri\source\repos\game\game\x64\release\animation.obj
c:\users\incri\source\repos\kt_progect\code\game\x64\release\vc143.pdb
c:\users\incri\source\repos\kt_progect\code\game\x64\release\mushroom.obj
c:\users\incri\source\repos\kt_progect\code\game\x64\release\mario.obj
c:\users\incri\source\repos\kt_progect\code\game\x64\release\mapmanager.obj
c:\users\incri\source\repos\kt_progect\code\game\x64\release\mapcollision.obj
c:\users\incri\source\repos\kt_progect\code\game\x64\release\main.obj
c:\users\incri\source\repos\kt_progect\code\game\x64\release\koopa.obj
c:\users\incri\source\repos\kt_progect\code\game\x64\release\goomba.obj
c:\users\incri\source\repos\kt_progect\code\game\x64\release\enemy.obj
c:\users\incri\source\repos\kt_progect\code\game\x64\release\drawmap.obj
c:\users\incri\source\repos\kt_progect\code\game\x64\release\convertsketch.obj
c:\users\incri\source\repos\kt_progect\code\game\x64\release\animation.obj
c:\users\incri\source\repos\kt_progect\code\game\x64\release\bullet.obj
c:\users\incri\source\repos\game\x64\release\game.exe
c:\users\incri\source\repos\game\game\x64\release\game.ipdb
c:\users\incri\source\repos\game\x64\release\game.pdb
c:\users\incri\source\repos\game\game\x64\release\game.iobj
c:\users\incri\source\repos\kt_progect\code\x64\release\game.exe
c:\users\incri\source\repos\kt_progect\code\game\x64\release\game.ipdb
c:\users\incri\source\repos\kt_progect\code\x64\release\game.pdb
c:\users\incri\source\repos\kt_progect\code\game\x64\release\game.iobj
c:\users\incri\source\repos\kt_progect\code\game\x64\release\game.tlog\cl.command.1.tlog
c:\users\incri\source\repos\kt_progect\code\game\x64\release\game.tlog\cl.read.1.tlog
c:\users\incri\source\repos\kt_progect\code\game\x64\release\game.tlog\cl.write.1.tlog
c:\users\incri\source\repos\kt_progect\code\game\x64\release\game.tlog\link.command.1.tlog
c:\users\incri\source\repos\kt_progect\code\game\x64\release\game.tlog\link.read.1.tlog
c:\users\incri\source\repos\kt_progect\code\game\x64\release\game.tlog\link.write.1.tlog
